d:\github\ai-in-the-wild\lab7\flappybird_ann_bp\flappybird_ann_bp\x64\debug\vc143.pdb
d:\github\ai-in-the-wild\lab7\flappybird_ann_bp\flappybird_ann_bp\x64\debug\vc143.idb
d:\github\ai-in-the-wild\lab7\flappybird_ann_bp\flappybird_ann_bp\x64\debug\population.obj
d:\github\ai-in-the-wild\lab7\flappybird_ann_bp\flappybird_ann_bp\x64\debug\pillar.obj
d:\github\ai-in-the-wild\lab7\flappybird_ann_bp\flappybird_ann_bp\x64\debug\main.obj
d:\github\ai-in-the-wild\lab7\flappybird_ann_bp\flappybird_ann_bp\x64\debug\game.obj
d:\github\ai-in-the-wild\lab7\flappybird_ann_bp\flappybird_ann_bp\x64\debug\brain.obj
d:\github\ai-in-the-wild\lab7\flappybird_ann_bp\flappybird_ann_bp\x64\debug\bird.obj
d:\github\ai-in-the-wild\lab7\flappybird_ann_bp\x64\debug\flappybird_ann_bp.exe
d:\github\ai-in-the-wild\lab7\flappybird_ann_bp\x64\debug\flappybird_ann_bp.pdb
d:\github\ai-in-the-wild\lab7\flappybird_ann_bp\flappybird_ann_bp\x64\debug\flappybird_ann_bp.ilk
d:\github\ai-in-the-wild\lab7\flappybird_ann_bp\flappybird_ann_bp\x64\debug\bird.obj.enc
d:\github\ai-in-the-wild\lab7\flappybird_ann_bp\flappybird_ann_bp\x64\debug\brain.obj.enc
d:\github\ai-in-the-wild\lab7\flappybird_ann_bp\flappybird_ann_bp\x64\debug\game.obj.enc
d:\github\ai-in-the-wild\lab7\flappybird_ann_bp\flappybird_ann_bp\x64\debug\main.obj.enc
d:\github\ai-in-the-wild\lab7\flappybird_ann_bp\flappybird_ann_bp\x64\debug\pillar.obj.enc
d:\github\ai-in-the-wild\lab7\flappybird_ann_bp\flappybird_ann_bp\x64\debug\population.obj.enc
d:\github\ai-in-the-wild\lab7\flappybird_ann_bp\flappybird_ann_bp\x64\debug\flappybi.22f2439e.tlog\cl.command.1.tlog
d:\github\ai-in-the-wild\lab7\flappybird_ann_bp\flappybird_ann_bp\x64\debug\flappybi.22f2439e.tlog\cl.items.tlog
d:\github\ai-in-the-wild\lab7\flappybird_ann_bp\flappybird_ann_bp\x64\debug\flappybi.22f2439e.tlog\cl.read.1.tlog
d:\github\ai-in-the-wild\lab7\flappybird_ann_bp\flappybird_ann_bp\x64\debug\flappybi.22f2439e.tlog\cl.write.1.tlog
d:\github\ai-in-the-wild\lab7\flappybird_ann_bp\flappybird_ann_bp\x64\debug\flappybi.22f2439e.tlog\link.command.1.tlog
d:\github\ai-in-the-wild\lab7\flappybird_ann_bp\flappybird_ann_bp\x64\debug\flappybi.22f2439e.tlog\link.read.1.tlog
d:\github\ai-in-the-wild\lab7\flappybird_ann_bp\flappybird_ann_bp\x64\debug\flappybi.22f2439e.tlog\link.secondary.1.tlog
d:\github\ai-in-the-wild\lab7\flappybird_ann_bp\flappybird_ann_bp\x64\debug\flappybi.22f2439e.tlog\link.write.1.tlog
