C:\Program Files\Microsoft Visual Studio\2022\Community\MSBuild\Microsoft\VC\v170\Microsoft.CppBuild.targets(531,5): warning MSB8028: The intermediate directory (x64\Debug\) contains files shared from another project (BehaviourTreeExample.vcxproj).  This can lead to incorrect clean and rebuild behavior.
  Game.cpp
D:\Github\AI-In-the-Wild\lab5\ABS\abs\Wander.h(13,19): warning C4244: 'argument': conversion from 'time_t' to 'unsigned int', possible loss of data
D:\Github\AI-In-the-Wild\lab5\ABS\abs\Hide.h(63,23): warning C4244: 'argument': conversion from 'time_t' to 'unsigned int', possible loss of data
D:\Github\AI-In-the-Wild\lab5\ABS\abs\Hide.h(95,68): warning C4244: 'argument': conversion from 'int' to 'T', possible loss of data
D:\Github\AI-In-the-Wild\lab5\ABS\abs\Hide.h(95,68): warning C4244:         with
D:\Github\AI-In-the-Wild\lab5\ABS\abs\Hide.h(95,68): warning C4244:         [
D:\Github\AI-In-the-Wild\lab5\ABS\abs\Hide.h(95,68): warning C4244:             T=float
D:\Github\AI-In-the-Wild\lab5\ABS\abs\Hide.h(95,68): warning C4244:         ]
D:\Github\AI-In-the-Wild\lab5\ABS\abs\Hide.h(95,51): warning C4244: 'argument': conversion from 'int' to 'T', possible loss of data
D:\Github\AI-In-the-Wild\lab5\ABS\abs\Hide.h(95,51): warning C4244:         with
D:\Github\AI-In-the-Wild\lab5\ABS\abs\Hide.h(95,51): warning C4244:         [
D:\Github\AI-In-the-Wild\lab5\ABS\abs\Hide.h(95,51): warning C4244:             T=float
D:\Github\AI-In-the-Wild\lab5\ABS\abs\Hide.h(95,51): warning C4244:         ]
D:\Github\AI-In-the-Wild\lab5\ABS\abs\Hide.h(104,73): warning C4244: 'argument': conversion from 'int' to 'T', possible loss of data
D:\Github\AI-In-the-Wild\lab5\ABS\abs\Hide.h(104,73): warning C4244:         with
D:\Github\AI-In-the-Wild\lab5\ABS\abs\Hide.h(104,73): warning C4244:         [
D:\Github\AI-In-the-Wild\lab5\ABS\abs\Hide.h(104,73): warning C4244:             T=float
D:\Github\AI-In-the-Wild\lab5\ABS\abs\Hide.h(104,73): warning C4244:         ]
D:\Github\AI-In-the-Wild\lab5\ABS\abs\Hide.h(104,53): warning C4244: 'argument': conversion from 'int' to 'T', possible loss of data
D:\Github\AI-In-the-Wild\lab5\ABS\abs\Hide.h(104,53): warning C4244:         with
D:\Github\AI-In-the-Wild\lab5\ABS\abs\Hide.h(104,53): warning C4244:         [
D:\Github\AI-In-the-Wild\lab5\ABS\abs\Hide.h(104,53): warning C4244:             T=float
D:\Github\AI-In-the-Wild\lab5\ABS\abs\Hide.h(104,53): warning C4244:         ]
D:\Github\AI-In-the-Wild\lab5\ABS\abs\Hide.h(110,30): warning C4244: '=': conversion from 'float' to 'int', possible loss of data
D:\Github\AI-In-the-Wild\lab5\ABS\abs\Hide.h(111,30): warning C4244: '=': conversion from 'float' to 'int', possible loss of data
D:\Github\AI-In-the-Wild\lab5\ABS\abs\Hide.h(115,30): warning C4244: '=': conversion from 'float' to 'int', possible loss of data
D:\Github\AI-In-the-Wild\lab5\ABS\abs\Hide.h(116,30): warning C4244: '=': conversion from 'float' to 'int', possible loss of data
D:\Github\AI-In-the-Wild\lab5\ABS\abs\Protect.h(63,23): warning C4244: 'argument': conversion from 'time_t' to 'unsigned int', possible loss of data
D:\Github\AI-In-the-Wild\lab5\ABS\abs\Protect.h(95,68): warning C4244: 'argument': conversion from 'int' to 'T', possible loss of data
D:\Github\AI-In-the-Wild\lab5\ABS\abs\Protect.h(95,68): warning C4244:         with
D:\Github\AI-In-the-Wild\lab5\ABS\abs\Protect.h(95,68): warning C4244:         [
D:\Github\AI-In-the-Wild\lab5\ABS\abs\Protect.h(95,68): warning C4244:             T=float
D:\Github\AI-In-the-Wild\lab5\ABS\abs\Protect.h(95,68): warning C4244:         ]
D:\Github\AI-In-the-Wild\lab5\ABS\abs\Protect.h(95,51): warning C4244: 'argument': conversion from 'int' to 'T', possible loss of data
D:\Github\AI-In-the-Wild\lab5\ABS\abs\Protect.h(95,51): warning C4244:         with
D:\Github\AI-In-the-Wild\lab5\ABS\abs\Protect.h(95,51): warning C4244:         [
D:\Github\AI-In-the-Wild\lab5\ABS\abs\Protect.h(95,51): warning C4244:             T=float
D:\Github\AI-In-the-Wild\lab5\ABS\abs\Protect.h(95,51): warning C4244:         ]
D:\Github\AI-In-the-Wild\lab5\ABS\abs\Protect.h(104,73): warning C4244: 'argument': conversion from 'int' to 'T', possible loss of data
D:\Github\AI-In-the-Wild\lab5\ABS\abs\Protect.h(104,73): warning C4244:         with
D:\Github\AI-In-the-Wild\lab5\ABS\abs\Protect.h(104,73): warning C4244:         [
D:\Github\AI-In-the-Wild\lab5\ABS\abs\Protect.h(104,73): warning C4244:             T=float
D:\Github\AI-In-the-Wild\lab5\ABS\abs\Protect.h(104,73): warning C4244:         ]
D:\Github\AI-In-the-Wild\lab5\ABS\abs\Protect.h(104,53): warning C4244: 'argument': conversion from 'int' to 'T', possible loss of data
D:\Github\AI-In-the-Wild\lab5\ABS\abs\Protect.h(104,53): warning C4244:         with
D:\Github\AI-In-the-Wild\lab5\ABS\abs\Protect.h(104,53): warning C4244:         [
D:\Github\AI-In-the-Wild\lab5\ABS\abs\Protect.h(104,53): warning C4244:             T=float
D:\Github\AI-In-the-Wild\lab5\ABS\abs\Protect.h(104,53): warning C4244:         ]
D:\Github\AI-In-the-Wild\lab5\ABS\abs\Protect.h(110,30): warning C4244: '=': conversion from 'float' to 'int', possible loss of data
D:\Github\AI-In-the-Wild\lab5\ABS\abs\Protect.h(111,30): warning C4244: '=': conversion from 'float' to 'int', possible loss of data
D:\Github\AI-In-the-Wild\lab5\ABS\abs\Protect.h(115,30): warning C4244: '=': conversion from 'float' to 'int', possible loss of data
D:\Github\AI-In-the-Wild\lab5\ABS\abs\Protect.h(116,30): warning C4244: '=': conversion from 'float' to 'int', possible loss of data
D:\Github\AI-In-the-Wild\lab5\ABS\abs\Game.cpp(222,12): warning C4244: 'argument': conversion from 'time_t' to 'unsigned int', possible loss of data
  abs.vcxproj -> D:\Github\AI-In-the-Wild\lab5\ABS\x64\Debug\abs.exe
